<?xml version="1.0" encoding="UTF-8"?>
<testng-results ignored="0" total="1" passed="1" failed="0" skipped="0">
  <reporter-output>
  </reporter-output>
  <suite started-at="2025-10-01T05:36:46 IST" name="Default suite" finished-at="2025-10-01T05:36:50 IST" duration-ms="3399">
    <groups>
    </groups>
    <test started-at="2025-10-01T05:36:46 IST" name="Default test" finished-at="2025-10-01T05:36:50 IST" duration-ms="3399">
      <class name="schema_validator.validtor">
        <test-method signature="get()[pri:0, instance:schema_validator.validtor@4802796d]" started-at="2025-10-01T05:36:46 IST" name="get" finished-at="2025-10-01T05:36:50 IST" duration-ms="3320" status="PASS">
          <reporter-output>
          </reporter-output>
        </test-method> <!-- get -->
      </class> <!-- schema_validator.validtor -->
    </test> <!-- Default test -->
  </suite> <!-- Default suite -->
</testng-results>
